<?xml version="1.0" encoding="UTF-8"?>
<!-- Generated by org.testng.reporters.JUnitReportReporter -->
<testsuite name="com.prodifidemo.mrrsoft.Prodifi.executor.Execute" tests="12" time="45.352" ignored="0" failures="0" timestamp="21 Jul 2017 13:53:28 GMT" skipped="0" hostname="MSD001" errors="0">
  <testcase name="getSteps" time="3.284" classname="com.prodifidemo.mrrsoft.Prodifi.executor.Execute"/>
  <testcase name="getSteps" time="22.398" classname="com.prodifidemo.mrrsoft.Prodifi.executor.Execute"/>
  <testcase name="getSteps" time="3.181" classname="com.prodifidemo.mrrsoft.Prodifi.executor.Execute"/>
  <testcase name="getSteps" time="3.181" classname="com.prodifidemo.mrrsoft.Prodifi.executor.Execute"/>
  <testcase name="getSteps" time="3.166" classname="com.prodifidemo.mrrsoft.Prodifi.executor.Execute"/>
  <testcase name="getSteps" time="0.124" classname="com.prodifidemo.mrrsoft.Prodifi.executor.Execute"/>
  <testcase name="getSteps" time="0.163" classname="com.prodifidemo.mrrsoft.Prodifi.executor.Execute"/>
  <testcase name="getSteps" time="0.120" classname="com.prodifidemo.mrrsoft.Prodifi.executor.Execute"/>
  <testcase name="getSteps" time="3.306" classname="com.prodifidemo.mrrsoft.Prodifi.executor.Execute"/>
  <testcase name="getSteps" time="3.120" classname="com.prodifidemo.mrrsoft.Prodifi.executor.Execute"/>
  <testcase name="getSteps" time="3.130" classname="com.prodifidemo.mrrsoft.Prodifi.executor.Execute"/>
  <testcase name="getSteps" time="0.179" classname="com.prodifidemo.mrrsoft.Prodifi.executor.Execute"/>
</testsuite> <!-- com.prodifidemo.mrrsoft.Prodifi.executor.Execute -->
